2023-07-11 20:33:27,163 | INFO     | - init
2023-07-11 20:33:27,163 | INFO     | - 2010-01-01
2023-07-11 20:36:25,312 | WARNING     | - HTTPSConnectionPool(host='ideapocket.com', port=443): Max retries exceeded with url: /works/list/date/2010-01-21 (Caused by SSLError(SSLEOFError(8, 'EOF occurred in violation of protocol (_ssl.c:997)'))) on https://ideapocket.com/works/list/date/2010-01-21
2023-07-11 20:36:25,312 | INFO     | - 2010-01-21
2023-07-11 20:39:51,131 | WARNING     | - HTTPSConnectionPool(host='ideapocket.com', port=443): Max retries exceeded with url: /works/list/date/2010-02-06 (Caused by SSLError(SSLEOFError(8, 'EOF occurred in violation of protocol (_ssl.c:997)'))) on https://ideapocket.com/works/list/date/2010-02-06
2023-07-11 20:39:51,134 | INFO     | - 2010-02-06
2023-07-15 13:15:28,370 | INFO     | - 2010-02-07
2023-07-15 13:16:15,182 | INFO     | - 2010-03-08
2023-07-15 13:17:36,230 | INFO     | - 2010-04-06
2023-07-15 13:20:56,167 | INFO     | - 2017-05-05
2023-07-15 13:22:37,139 | INFO     | - 2017-04-30
2023-07-15 13:24:40,013 | INFO     | - 2017-04-30
2023-07-15 13:26:49,174 | INFO     | - 2017-04-30
2023-07-15 13:27:27,816 | INFO     | - 2017-05-04
2023-07-15 13:28:20,643 | WARNING     | - HTTPSConnectionPool(host='ideapocket.com', port=443): Max retries exceeded with url: /works/list/date/2017-05-06 (Caused by ProxyError('Cannot connect to proxy.', ConnectionResetError(10054, 10054, None))) on https://ideapocket.com/works/list/date/2017-05-06
2023-07-15 13:28:20,658 | INFO     | - 2017-05-06
2023-07-15 13:32:01,408 | INFO     | - 2017-05-10
2023-07-15 13:33:48,556 | INFO     | - 2010-02-01
2023-07-15 13:43:03,540 | WARNING     | - HTTPSConnectionPool(host='ideapocket.com', port=443): Max retries exceeded with url: /works/list/date/2010-02-03 (Caused by SSLError(SSLEOFError(8, 'EOF occurred in violation of protocol (_ssl.c:997)'))) on https://ideapocket.com/works/list/date/2010-02-03
2023-07-15 13:43:03,540 | INFO     | - 2010-02-03
2023-07-15 13:45:29,177 | INFO     | - 2010-03-05
2023-07-15 13:47:06,607 | INFO     | - 2010-04-04
2023-07-15 13:48:51,826 | INFO     | - 2010-05-04
2023-07-15 13:50:50,366 | INFO     | - 2010-06-03
2023-07-15 13:52:40,543 | WARNING     | - HTTPSConnectionPool(host='ideapocket.com', port=443): Max retries exceeded with url: /works/list/date/2010-06-21 (Caused by ProxyError('Cannot connect to proxy.', ConnectionResetError(10054, None, 10054, None))) on https://ideapocket.com/works/list/date/2010-06-21
2023-07-15 13:52:40,543 | INFO     | - 2010-06-21
2023-07-15 13:54:54,046 | INFO     | - 2010-07-31
2023-07-15 13:56:52,901 | INFO     | - 2010-08-30
2023-07-15 14:00:01,682 | INFO     | - 2010-10-29
2023-07-15 14:13:32,389 | INFO     | - 2011-10-29
2023-07-15 20:54:20,750 | INFO     | - 2011-12-04
2023-07-15 20:59:11,856 | WARNING     | - HTTPSConnectionPool(host='ideapocket.com', port=443): Max retries exceeded with url: /works/list/date/2012-02-04 (Caused by ProxyError('Cannot connect to proxy.', ConnectionResetError(10054, None, 10054, None))) on https://ideapocket.com/works/list/date/2012-02-04
2023-07-15 20:59:11,858 | INFO     | - 2012-02-04
2023-07-15 21:09:06,308 | INFO     | - 2013-02-03
2023-07-15 21:16:00,390 | WARNING     | - HTTPSConnectionPool(host='ideapocket.com', port=443): Max retries exceeded with url: /works/list/date/2013-10-07 (Caused by ProxyError('Cannot connect to proxy.', ConnectionResetError(10054, None, 10054, None))) on https://ideapocket.com/works/list/date/2013-10-07
2023-07-15 21:16:00,390 | INFO     | - 2013-10-07
2023-07-15 21:19:31,122 | WARNING     | - HTTPSConnectionPool(host='ideapocket.com', port=443): Max retries exceeded with url: /works/list/date/2013-11-09 (Caused by ProxyError('Cannot connect to proxy.', ConnectionResetError(10054, None, 10054, None))) on https://ideapocket.com/works/list/date/2013-11-09
2023-07-15 21:19:31,122 | INFO     | - 2013-11-09
2023-07-15 21:26:24,141 | WARNING     | - HTTPSConnectionPool(host='ideapocket.com', port=443): Max retries exceeded with url: /works/list/date/2014-08-10 (Caused by ProxyError('Cannot connect to proxy.', ConnectionResetError(10054, None, 10054, None))) on https://ideapocket.com/works/list/date/2014-08-10
2023-07-15 21:26:24,142 | INFO     | - 2014-08-10
2023-07-16 09:35:46,428 | INFO     | - 2015-08-10
2023-07-16 09:44:07,475 | INFO     | - 2016-08-09
2023-07-16 09:54:01,315 | INFO     | - 2017-08-09
2023-07-16 10:05:36,291 | INFO     | - 2017-12-31
2023-07-16 12:10:39,414 | INFO     | - https://ideapocket.com/works/list/date/2022-12-30
2023-07-16 12:13:45,958 | INFO     | - https://ideapocket.com/works/list/date/2022-06-20
2023-07-16 12:16:55,991 | INFO     | - https://ideapocket.com/works/list/date/2022-01-11
2023-07-16 12:23:03,468 | INFO     | - https://ideapocket.com/works/list/date/2021-04-01
2023-07-16 12:28:46,555 | INFO     | - https://ideapocket.com/works/list/date/2020-02-06
2023-07-16 12:33:51,116 | INFO     | - https://ideapocket.com/works/list/date/2018-12-07
2023-07-16 12:36:38,444 | INFO     | - https://ideapocket.com/works/list/date/2017-12-31
2023-07-16 13:14:19,681 | INFO     | - https://ideapocket.com/works/list/date/2018-01-01
